<?xml version="1.0" encoding="UTF-8"?>
<!-- Generated by org.testng.reporters.JUnitReportReporter -->
<testsuite hostname="rivigo-Latitude-3490" failures="0" tests="2" name="package1.TestClass" time="0.001" errors="0" timestamp="2022-01-25T13:37:53 IST" skipped="0">
  <testcase classname="package1.TestClass" name="test2" time="0.001"/>
  <system-out/>
  <testcase classname="package1.TestClass" name="test1" time="0.000"/>
  <system-out/>
</testsuite> <!-- package1.TestClass -->
